0 info it worked if it ends with ok
1 verbose cli [ '/Users/ben_longden/.nvm/versions/node/v6.17.0/bin/node',
1 verbose cli   '/Users/ben_longden/.nvm/versions/node/v6.17.0/bin/npm',
1 verbose cli   'run',
1 verbose cli   'start' ]
2 info using npm@3.10.10
3 info using node@v6.17.0
4 verbose run-script [ 'prestart', 'start', 'poststart' ]
5 info lifecycle interactive-atom-template@1.0.0~prestart: interactive-atom-template@1.0.0
6 silly lifecycle interactive-atom-template@1.0.0~prestart: no script for prestart, continuing
7 info lifecycle interactive-atom-template@1.0.0~start: interactive-atom-template@1.0.0
8 verbose lifecycle interactive-atom-template@1.0.0~start: unsafe-perm in lifecycle true
9 verbose lifecycle interactive-atom-template@1.0.0~start: PATH: /Users/ben_longden/.nvm/versions/node/v6.17.0/lib/node_modules/npm/bin/node-gyp-bin:/Users/ben_longden/Documents/Repos/finance/interactive-atom-template-DEPRECATED/node_modules/.bin:/Users/ben_longden/.rvm/gems/ruby-2.4.1/bin:/Users/ben_longden/.rvm/gems/ruby-2.4.1@global/bin:/Users/ben_longden/.rvm/rubies/ruby-2.4.1/bin:/Users/ben_longden/.nvm/versions/node/v6.17.0/bin:/usr/local/bin:/usr/bin:/bin:/usr/sbin:/sbin:/Users/ben_longden/.rvm/bin
10 verbose lifecycle interactive-atom-template@1.0.0~start: CWD: /Users/ben_longden/Documents/Repos/finance/interactive-atom-template-DEPRECATED
11 silly lifecycle interactive-atom-template@1.0.0~start: Args: [ '-c', 'gulp' ]
12 silly lifecycle interactive-atom-template@1.0.0~start: Returned: code: 1  signal: null
13 info lifecycle interactive-atom-template@1.0.0~start: Failed to exec start script
14 verbose stack Error: interactive-atom-template@1.0.0 start: `gulp`
14 verbose stack Exit status 1
14 verbose stack     at EventEmitter.<anonymous> (/Users/ben_longden/.nvm/versions/node/v6.17.0/lib/node_modules/npm/lib/utils/lifecycle.js:255:16)
14 verbose stack     at emitTwo (events.js:106:13)
14 verbose stack     at EventEmitter.emit (events.js:191:7)
14 verbose stack     at ChildProcess.<anonymous> (/Users/ben_longden/.nvm/versions/node/v6.17.0/lib/node_modules/npm/lib/utils/spawn.js:40:14)
14 verbose stack     at emitTwo (events.js:106:13)
14 verbose stack     at ChildProcess.emit (events.js:191:7)
14 verbose stack     at maybeClose (internal/child_process.js:920:16)
14 verbose stack     at Process.ChildProcess._handle.onexit (internal/child_process.js:230:5)
15 verbose pkgid interactive-atom-template@1.0.0
16 verbose cwd /Users/ben_longden/Documents/Repos/finance/interactive-atom-template-DEPRECATED
17 error Darwin 18.7.0
18 error argv "/Users/ben_longden/.nvm/versions/node/v6.17.0/bin/node" "/Users/ben_longden/.nvm/versions/node/v6.17.0/bin/npm" "run" "start"
19 error node v6.17.0
20 error npm  v3.10.10
21 error code ELIFECYCLE
22 error interactive-atom-template@1.0.0 start: `gulp`
22 error Exit status 1
23 error Failed at the interactive-atom-template@1.0.0 start script 'gulp'.
23 error Make sure you have the latest version of node.js and npm installed.
23 error If you do, this is most likely a problem with the interactive-atom-template package,
23 error not with npm itself.
23 error Tell the author that this fails on your system:
23 error     gulp
23 error You can get information on how to open an issue for this project with:
23 error     npm bugs interactive-atom-template
23 error Or if that isn't available, you can get their info via:
23 error     npm owner ls interactive-atom-template
23 error There is likely additional logging output above.
24 verbose exit [ 1, true ]
